2023.11.15 12:34:46 INFO  Started: Metals version 1.1.0 in folders '/Users/anselmedonato/Library/Mobile Documents/com~apple~CloudDocs/Desktop/Aalto/Concurrent Programming/reactor' for client Visual Studio Code 1.84.2.
2023.11.15 12:34:47 WARN  Build server is not auto-connectable.
2023.11.15 12:35:17 WARN  no build target for: /Users/anselmedonato/Library/Mobile Documents/com~apple~CloudDocs/Desktop/Aalto/Concurrent Programming/reactor/build.sbt
2023.11.15 12:35:21 INFO  no build target found for /Users/anselmedonato/Library/Mobile Documents/com~apple~CloudDocs/Desktop/Aalto/Concurrent Programming/reactor/build.sbt. Using presentation compiler with project's scala-library version: 3.3.1
2023.11.15 12:35:21 INFO  running '/usr/local/opt/openjdk@17/bin/java -Djline.terminal=jline.UnsupportedTerminal -Dsbt.log.noformat=true -Dfile.encoding=UTF-8 -Dsbt.version=1.9.6 -jar /var/folders/s6/7xyr_ms50p9fv5gx3ldg8tqw0000gn/T/metals7420735886522380111/sbt-launch.jar -Dbloop.export-jar-classifiers=sources bloopInstall'
2023.11.15 12:35:21 WARN  no build target for: /Users/anselmedonato/Library/Mobile Documents/com~apple~CloudDocs/Desktop/Aalto/Concurrent Programming/reactor/project/metals.sbt
2023.11.15 12:35:21 WARN  no build target for: /Users/anselmedonato/Library/Mobile Documents/com~apple~CloudDocs/Desktop/Aalto/Concurrent Programming/reactor/project/project/metals.sbt
2023.11.15 12:35:21 INFO  skipping build import with status 'Started'
2023.11.15 12:35:21 WARN  Could not find semantic tokens for: file:///Users/anselmedonato/Library/Mobile%20Documents/com~apple~CloudDocs/Desktop/Aalto/Concurrent%20Programming/reactor/build.sbt
2023.11.15 12:35:22 INFO  time: code lens generation in 3.77s
2023.11.15 12:35:21 WARN  Could not find semantic tokens for: file:///Users/anselmedonato/Library/Mobile%20Documents/com~apple~CloudDocs/Desktop/Aalto/Concurrent%20Programming/reactor/build.sbt
2023.11.15 12:35:22 INFO  [info] Updated file /Users/anselmedonato/Library/Mobile Documents/com~apple~CloudDocs/Desktop/Aalto/Concurrent Programming/reactor/project/build.properties: set sbt.version to 1.9.6
2023.11.15 12:35:22 INFO  [info] welcome to sbt 1.9.6 (Homebrew Java 17.0.9)
2023.11.15 12:35:23 WARN  Could not find semantic tokens for: file:///Users/anselmedonato/Library/Mobile%20Documents/com~apple~CloudDocs/Desktop/Aalto/Concurrent%20Programming/reactor/build.sbt
2023.11.15 12:35:24 INFO  [info] loading settings for project reactor-build-build from metals.sbt ...
2023.11.15 12:35:24 INFO  [info] loading project definition from /Users/anselmedonato/Library/Mobile Documents/com~apple~CloudDocs/Desktop/Aalto/Concurrent Programming/reactor/project/project
2023.11.15 12:35:27 INFO  [info] loading settings for project reactor-build from metals.sbt ...
2023.11.15 12:35:27 INFO  [info] loading project definition from /Users/anselmedonato/Library/Mobile Documents/com~apple~CloudDocs/Desktop/Aalto/Concurrent Programming/reactor/project
2023.11.15 12:35:29 INFO  [success] Generated .bloop/reactor-build.json
2023.11.15 12:35:29 INFO  [success] Total time: 2 s, completed Nov 15, 2023, 12:35:29 PM
2023.11.15 12:35:30 ERROR /Users/anselmedonato/Library/Mobile Documents/com~apple~CloudDocs/Desktop/Aalto/Concurrent Programming/reactor/build.sbt:10: warning: method in in trait ScopingSetting is deprecated (since 1.5.0): `in` is deprecated; migrate to slash syntax - https://www.scala-sbt.org/1.x/docs/Migrating-from-sbt-013x.html#slash
2023.11.15 12:35:30 ERROR mainClass in (Compile, run) := Some("hangman.HangmanGame")
2023.11.15 12:35:30 ERROR           ^
2023.11.15 12:35:31 INFO  [info] loading settings for project reactor from build.sbt ...
2023.11.15 12:35:31 INFO  [info] set current project to CS-E4110-assignment (in build file:/Users/anselmedonato/Library/Mobile%20Documents/com~apple~CloudDocs/Desktop/Aalto/Concurrent%20Programming/reactor/)
2023.11.15 12:35:31 INFO  [success] Generated .bloop/reactor.json
2023.11.15 12:35:31 INFO  [success] Generated .bloop/reactor-test.json
2023.11.15 12:35:31 INFO  [success] Total time: 0 s, completed Nov 15, 2023, 12:35:31 PM
2023.11.15 12:35:31 INFO  time: ran 'sbt bloopInstall' in 10s
2023.11.15 12:35:31 INFO  Attempting to connect to the build server...
2023.11.15 12:35:31 INFO  Bloop uses /usr/local/opt/openjdk@17/ defined at /Users/anselmedonato/.bloop/bloop.json
2023.11.15 12:35:31 INFO  tracing is disabled for protocol BSP, to enable tracing of incoming and outgoing JSON messages create an empty file at /Users/anselmedonato/Library/Mobile Documents/com~apple~CloudDocs/Desktop/Aalto/Concurrent Programming/reactor/.metals/bsp.trace.json or /Users/anselmedonato/Library/Caches/org.scalameta.metals/bsp.trace.json
2023.11.15 12:35:31 INFO  Attempting to connect to the build server...
2023.11.15 12:35:31 INFO  Bloop uses /usr/local/opt/openjdk@17/ defined at /Users/anselmedonato/.bloop/bloop.json
2023.11.15 12:35:31 INFO  tracing is disabled for protocol BSP, to enable tracing of incoming and outgoing JSON messages create an empty file at /Users/anselmedonato/Library/Mobile Documents/com~apple~CloudDocs/Desktop/Aalto/Concurrent Programming/reactor/project/.metals/bsp.trace.json or /Users/anselmedonato/Library/Caches/org.scalameta.metals/bsp.trace.json
2023.11.15 12:35:31 INFO  time: Connected to build server in 0.54s
2023.11.15 12:35:31 INFO  Connected to Build server: Bloop v1.5.11
2023.11.15 12:35:36 INFO  time: indexed workspace in 4.62s
2023.11.15 12:35:40 INFO  time: code lens generation in 3.57s
2023.11.15 12:36:07 INFO  compiling reactor (9 scala sources)
2023.11.15 12:36:09 INFO  time: compiled reactor in 1.6s
Nov 15, 2023 12:37:46 PM scala.meta.internal.pc.CompilerAccess retryWithCleanCompiler
INFO: compiler crashed due to an error in the Scala compiler, retrying with new compiler instance.
2023.11.15 12:43:19 INFO  compiling reactor (1 scala source)
2023.11.15 12:43:19 INFO  time: compiled reactor in 0.23s
2023.11.15 12:43:28 INFO  compiling reactor (1 scala source)
2023.11.15 12:43:28 INFO  time: compiled reactor in 0.47s
Nov 15, 2023 12:43:30 PM scala.meta.internal.pc.CompilerAccess retryWithCleanCompiler
INFO: compiler crashed due to an error in the Scala compiler, retrying with new compiler instance.
2023.11.15 12:43:36 INFO  compiling reactor (1 scala source)
2023.11.15 12:43:36 INFO  time: compiled reactor in 0.38s
2023.11.15 12:44:06 INFO  compiling reactor (1 scala source)
2023.11.15 12:44:06 INFO  time: compiled reactor in 0.37s
2023.11.15 12:44:12 INFO  running '/usr/local/opt/openjdk@17/bin/java -Djline.terminal=jline.UnsupportedTerminal -Dsbt.log.noformat=true -Dfile.encoding=UTF-8 -jar /var/folders/s6/7xyr_ms50p9fv5gx3ldg8tqw0000gn/T/metals11908492255660575183/sbt-launch.jar -Dbloop.export-jar-classifiers=sources bloopInstall'
2023.11.15 12:44:13 INFO  [info] welcome to sbt 1.9.6 (Homebrew Java 17.0.9)
2023.11.15 12:44:13 INFO  [info] loading settings for project reactor-build-build from metals.sbt ...
2023.11.15 12:44:15 INFO  [info] loading project definition from /Users/anselmedonato/Library/Mobile Documents/com~apple~CloudDocs/Desktop/Aalto/Concurrent Programming/reactor/project/project
2023.11.15 12:44:15 INFO  [info] loading settings for project reactor-build from metals.sbt ...
2023.11.15 12:44:15 INFO  [info] loading project definition from /Users/anselmedonato/Library/Mobile Documents/com~apple~CloudDocs/Desktop/Aalto/Concurrent Programming/reactor/project
2023.11.15 12:44:17 INFO  [success] Generated .bloop/reactor-build.json
2023.11.15 12:44:17 INFO  [success] Total time: 2 s, completed Nov 15, 2023, 12:44:17 PM
2023.11.15 12:44:18 ERROR /Users/anselmedonato/Library/Mobile Documents/com~apple~CloudDocs/Desktop/Aalto/Concurrent Programming/reactor/build.sbt:11: warning: method in in trait ScopingSetting is deprecated (since 1.5.0): `in` is deprecated; migrate to slash syntax - https://www.scala-sbt.org/1.x/docs/Migrating-from-sbt-013x.html#slash
2023.11.15 12:44:18 ERROR mainClass in (Compile, run) := Some("Hello")
2023.11.15 12:44:18 ERROR           ^
2023.11.15 12:44:19 INFO  [info] loading settings for project reactor from build.sbt ...
2023.11.15 12:44:19 INFO  [info] set current project to CS-E4110-assignment (in build file:/Users/anselmedonato/Library/Mobile%20Documents/com~apple~CloudDocs/Desktop/Aalto/Concurrent%20Programming/reactor/)
2023.11.15 12:44:19 INFO  [success] Generated .bloop/reactor-test.json
2023.11.15 12:44:19 INFO  [success] Generated .bloop/reactor.json
2023.11.15 12:44:19 INFO  [success] Total time: 0 s, completed Nov 15, 2023, 12:44:19 PM
2023.11.15 12:44:19 INFO  time: ran 'sbt bloopInstall' in 7.19s
2023.11.15 12:44:19 INFO  Disconnecting from Bloop session...
2023.11.15 12:44:19 INFO  Shut down connection with build server.
2023.11.15 12:44:19 INFO  Shut down connection with build server.
2023.11.15 12:44:19 INFO  Attempting to connect to the build server...
2023.11.15 12:44:19 INFO  Bloop uses /usr/local/opt/openjdk@17/ defined at /Users/anselmedonato/.bloop/bloop.json
2023.11.15 12:44:19 INFO  tracing is disabled for protocol BSP, to enable tracing of incoming and outgoing JSON messages create an empty file at /Users/anselmedonato/Library/Mobile Documents/com~apple~CloudDocs/Desktop/Aalto/Concurrent Programming/reactor/.metals/bsp.trace.json or /Users/anselmedonato/Library/Caches/org.scalameta.metals/bsp.trace.json
2023.11.15 12:44:19 INFO  Attempting to connect to the build server...
2023.11.15 12:44:19 INFO  Bloop uses /usr/local/opt/openjdk@17/ defined at /Users/anselmedonato/.bloop/bloop.json
2023.11.15 12:44:19 INFO  tracing is disabled for protocol BSP, to enable tracing of incoming and outgoing JSON messages create an empty file at /Users/anselmedonato/Library/Mobile Documents/com~apple~CloudDocs/Desktop/Aalto/Concurrent Programming/reactor/project/.metals/bsp.trace.json or /Users/anselmedonato/Library/Caches/org.scalameta.metals/bsp.trace.json
2023.11.15 12:44:19 INFO  time: Connected to build server in 55ms
2023.11.15 12:44:19 INFO  Connected to Build server: Bloop v1.5.11
2023.11.15 12:44:21 INFO  time: indexed workspace in 1.33s
2023.11.15 12:44:21 INFO  compiling reactor-test (2 scala sources)
2023.11.15 12:44:23 INFO  time: compiled reactor-test in 1.66s
2023.11.15 12:44:25 INFO  Disconnecting from Bloop session...
2023.11.15 12:44:25 INFO  Shut down connection with build server.
2023.11.15 12:44:25 INFO  Shut down connection with build server.
2023.11.15 12:44:25 INFO  Attempting to connect to the build server...
2023.11.15 12:44:25 INFO  Bloop uses /usr/local/opt/openjdk@17/ defined at /Users/anselmedonato/.bloop/bloop.json
2023.11.15 12:44:25 INFO  tracing is disabled for protocol BSP, to enable tracing of incoming and outgoing JSON messages create an empty file at /Users/anselmedonato/Library/Mobile Documents/com~apple~CloudDocs/Desktop/Aalto/Concurrent Programming/reactor/.metals/bsp.trace.json or /Users/anselmedonato/Library/Caches/org.scalameta.metals/bsp.trace.json
2023.11.15 12:44:25 INFO  Attempting to connect to the build server...
2023.11.15 12:44:25 INFO  Bloop uses /usr/local/opt/openjdk@17/ defined at /Users/anselmedonato/.bloop/bloop.json
2023.11.15 12:44:25 INFO  tracing is disabled for protocol BSP, to enable tracing of incoming and outgoing JSON messages create an empty file at /Users/anselmedonato/Library/Mobile Documents/com~apple~CloudDocs/Desktop/Aalto/Concurrent Programming/reactor/project/.metals/bsp.trace.json or /Users/anselmedonato/Library/Caches/org.scalameta.metals/bsp.trace.json
2023.11.15 12:44:25 INFO  time: Connected to build server in 49ms
2023.11.15 12:44:25 INFO  Connected to Build server: Bloop v1.5.11
2023.11.15 12:44:26 INFO  time: indexed workspace in 1.06s
2023.11.15 12:44:39 INFO  Disconnecting from Bloop session...
2023.11.15 12:44:39 INFO  Shut down connection with build server.
2023.11.15 12:44:39 INFO  Shut down connection with build server.
2023.11.15 12:44:39 INFO  Attempting to connect to the build server...
2023.11.15 12:44:39 INFO  Bloop uses /usr/local/opt/openjdk@17/ defined at /Users/anselmedonato/.bloop/bloop.json
2023.11.15 12:44:39 INFO  tracing is disabled for protocol BSP, to enable tracing of incoming and outgoing JSON messages create an empty file at /Users/anselmedonato/Library/Mobile Documents/com~apple~CloudDocs/Desktop/Aalto/Concurrent Programming/reactor/.metals/bsp.trace.json or /Users/anselmedonato/Library/Caches/org.scalameta.metals/bsp.trace.json
2023.11.15 12:44:39 INFO  Attempting to connect to the build server...
2023.11.15 12:44:39 INFO  Bloop uses /usr/local/opt/openjdk@17/ defined at /Users/anselmedonato/.bloop/bloop.json
2023.11.15 12:44:39 INFO  tracing is disabled for protocol BSP, to enable tracing of incoming and outgoing JSON messages create an empty file at /Users/anselmedonato/Library/Mobile Documents/com~apple~CloudDocs/Desktop/Aalto/Concurrent Programming/reactor/project/.metals/bsp.trace.json or /Users/anselmedonato/Library/Caches/org.scalameta.metals/bsp.trace.json
2023.11.15 12:44:39 INFO  time: Connected to build server in 52ms
2023.11.15 12:44:39 INFO  Connected to Build server: Bloop v1.5.11
2023.11.15 12:44:40 INFO  time: indexed workspace in 1.21s
Nov 15, 2023 12:47:32 PM scala.meta.internal.pc.CompilerAccess handleError
SEVERE: A severe compiler error occurred, full details of the error can be found in the error report /Users/anselmedonato/Library/Mobile Documents/com~apple~CloudDocs/Desktop/Aalto/Concurrent Programming/reactor/.metals/.reports/metals-full/2023-11-15/r_compiler-error_(reactor-build)_12-47-32-765.md
2023.11.15 12:47:32 WARN  Could not find semantic tokens for: file:///Users/anselmedonato/Library/Mobile%20Documents/com~apple~CloudDocs/Desktop/Aalto/Concurrent%20Programming/reactor/build.sbt
2023.11.15 12:47:38 INFO  running '/usr/local/opt/openjdk@17/bin/java -Djline.terminal=jline.UnsupportedTerminal -Dsbt.log.noformat=true -Dfile.encoding=UTF-8 -jar /var/folders/s6/7xyr_ms50p9fv5gx3ldg8tqw0000gn/T/metals17406236724825541371/sbt-launch.jar -Dbloop.export-jar-classifiers=sources bloopInstall'
2023.11.15 12:47:39 INFO  [info] welcome to sbt 1.9.6 (Homebrew Java 17.0.9)
2023.11.15 12:47:39 INFO  [info] loading settings for project reactor-build-build from metals.sbt ...
2023.11.15 12:47:40 INFO  [info] loading project definition from /Users/anselmedonato/Library/Mobile Documents/com~apple~CloudDocs/Desktop/Aalto/Concurrent Programming/reactor/project/project
2023.11.15 12:47:40 INFO  [info] loading settings for project reactor-build from metals.sbt ...
2023.11.15 12:47:40 INFO  [info] loading project definition from /Users/anselmedonato/Library/Mobile Documents/com~apple~CloudDocs/Desktop/Aalto/Concurrent Programming/reactor/project
2023.11.15 12:47:43 INFO  [success] Generated .bloop/reactor-build.json
2023.11.15 12:47:43 INFO  [success] Total time: 2 s, completed Nov 15, 2023, 12:47:43 PM
2023.11.15 12:47:43 INFO  [info] loading settings for project reactor from build.sbt ...
2023.11.15 12:47:43 INFO  [info] set current project to CS-E4110-assignment (in build file:/Users/anselmedonato/Library/Mobile%20Documents/com~apple~CloudDocs/Desktop/Aalto/Concurrent%20Programming/reactor/)
2023.11.15 12:47:43 INFO  [success] Generated .bloop/reactor.json
2023.11.15 12:47:43 INFO  [success] Generated .bloop/reactor-test.json
2023.11.15 12:47:43 INFO  [success] Total time: 0 s, completed Nov 15, 2023, 12:47:43 PM
2023.11.15 12:47:44 INFO  time: ran 'sbt bloopInstall' in 5.25s
2023.11.15 12:47:44 INFO  Disconnecting from Bloop session...
2023.11.15 12:47:44 INFO  Shut down connection with build server.
2023.11.15 12:47:44 INFO  Shut down connection with build server.
2023.11.15 12:47:44 INFO  Attempting to connect to the build server...
2023.11.15 12:47:44 INFO  Bloop uses /usr/local/opt/openjdk@17/ defined at /Users/anselmedonato/.bloop/bloop.json
2023.11.15 12:47:44 INFO  tracing is disabled for protocol BSP, to enable tracing of incoming and outgoing JSON messages create an empty file at /Users/anselmedonato/Library/Mobile Documents/com~apple~CloudDocs/Desktop/Aalto/Concurrent Programming/reactor/.metals/bsp.trace.json or /Users/anselmedonato/Library/Caches/org.scalameta.metals/bsp.trace.json
2023.11.15 12:47:44 INFO  Attempting to connect to the build server...
2023.11.15 12:47:44 INFO  Bloop uses /usr/local/opt/openjdk@17/ defined at /Users/anselmedonato/.bloop/bloop.json
2023.11.15 12:47:44 INFO  tracing is disabled for protocol BSP, to enable tracing of incoming and outgoing JSON messages create an empty file at /Users/anselmedonato/Library/Mobile Documents/com~apple~CloudDocs/Desktop/Aalto/Concurrent Programming/reactor/project/.metals/bsp.trace.json or /Users/anselmedonato/Library/Caches/org.scalameta.metals/bsp.trace.json
2023.11.15 12:47:44 INFO  time: Connected to build server in 53ms
2023.11.15 12:47:44 INFO  Connected to Build server: Bloop v1.5.11
2023.11.15 12:47:45 INFO  time: indexed workspace in 1.14s
Nov 15, 2023 12:48:07 PM scala.meta.internal.pc.CompilerAccess retryWithCleanCompiler
INFO: compiler crashed due to an error in the Scala compiler, retrying with new compiler instance.
2023.11.15 12:50:43 INFO  Shutting down server
2023.11.15 12:50:43 INFO  shutting down Metals
2023.11.15 12:50:43 INFO  Shut down connection with build server.
2023.11.15 12:50:43 INFO  Shut down connection with build server.
2023.11.15 12:50:43 INFO  Exiting server
2023.11.15 12:51:12 INFO  Started: Metals version 1.1.0 in folders '/Users/anselmedonato/Library/Mobile Documents/com~apple~CloudDocs/Desktop/Aalto/Concurrent Programming/reactor' for client Visual Studio Code 1.84.2.
2023.11.15 12:51:12 INFO  Attempting to connect to the build server...
2023.11.15 12:51:12 INFO  Bloop uses /usr/local/opt/openjdk@17/ defined at /Users/anselmedonato/.bloop/bloop.json
2023.11.15 12:51:13 INFO  skipping build import with status 'Installed'
2023.11.15 12:51:12 INFO  tracing is disabled for protocol BSP, to enable tracing of incoming and outgoing JSON messages create an empty file at /Users/anselmedonato/Library/Mobile Documents/com~apple~CloudDocs/Desktop/Aalto/Concurrent Programming/reactor/.metals/bsp.trace.json or /Users/anselmedonato/Library/Caches/org.scalameta.metals/bsp.trace.json
2023.11.15 12:51:12 INFO  Attempting to connect to the build server...
2023.11.15 12:51:12 INFO  Bloop uses /usr/local/opt/openjdk@17/ defined at /Users/anselmedonato/.bloop/bloop.json
2023.11.15 12:51:12 INFO  tracing is disabled for protocol BSP, to enable tracing of incoming and outgoing JSON messages create an empty file at /Users/anselmedonato/Library/Mobile Documents/com~apple~CloudDocs/Desktop/Aalto/Concurrent Programming/reactor/project/.metals/bsp.trace.json or /Users/anselmedonato/Library/Caches/org.scalameta.metals/bsp.trace.json
2023.11.15 12:51:12 INFO  time: Connected to build server in 0.52s
2023.11.15 12:51:12 INFO  Connected to Build server: Bloop v1.5.11
2023.11.15 12:51:17 INFO  time: indexed workspace in 3.75s
2023.11.15 12:51:18 INFO  Shutting down server
2023.11.15 12:51:18 INFO  shutting down Metals
2023.11.15 12:51:18 INFO  Shut down connection with build server.
2023.11.15 12:51:18 INFO  Shut down connection with build server.
2023.11.15 13:08:39 INFO  Started: Metals version 1.1.0 in folders '/Users/anselmedonato/Library/Mobile Documents/com~apple~CloudDocs/Desktop/Aalto/Concurrent Programming/reactor' for client Visual Studio Code 1.84.2.
2023.11.15 13:08:40 INFO  Attempting to connect to the build server...
2023.11.15 13:08:40 INFO  Bloop uses /usr/local/opt/openjdk@17/ defined at /Users/anselmedonato/.bloop/bloop.json
2023.11.15 13:08:40 INFO  skipping build import with status 'Installed'
2023.11.15 13:08:40 INFO  tracing is disabled for protocol BSP, to enable tracing of incoming and outgoing JSON messages create an empty file at /Users/anselmedonato/Library/Mobile Documents/com~apple~CloudDocs/Desktop/Aalto/Concurrent Programming/reactor/.metals/bsp.trace.json or /Users/anselmedonato/Library/Caches/org.scalameta.metals/bsp.trace.json
2023.11.15 13:08:40 INFO  Attempting to connect to the build server...
2023.11.15 13:08:40 INFO  Bloop uses /usr/local/opt/openjdk@17/ defined at /Users/anselmedonato/.bloop/bloop.json
2023.11.15 13:08:40 INFO  tracing is disabled for protocol BSP, to enable tracing of incoming and outgoing JSON messages create an empty file at /Users/anselmedonato/Library/Mobile Documents/com~apple~CloudDocs/Desktop/Aalto/Concurrent Programming/reactor/project/.metals/bsp.trace.json or /Users/anselmedonato/Library/Caches/org.scalameta.metals/bsp.trace.json
2023.11.15 13:08:40 INFO  time: Connected to build server in 0.38s
2023.11.15 13:08:40 INFO  Connected to Build server: Bloop v1.5.11
2023.11.15 13:08:44 INFO  time: indexed workspace in 3.23s
Nov 15, 2023 1:11:13 PM org.eclipse.lsp4j.jsonrpc.services.GenericEndpoint notify
INFO: Unsupported notification method: $/setTrace
Nov 15, 2023 1:11:30 PM org.eclipse.lsp4j.jsonrpc.services.GenericEndpoint notify
INFO: Unsupported notification method: $/setTrace
2023.11.15 13:11:45 INFO  compiling reactor (1 scala source)
2023.11.15 13:11:45 INFO  time: compiled reactor in 0.67s
Nov 15, 2023 1:11:52 PM scala.meta.internal.pc.CompilerAccess retryWithCleanCompiler
INFO: compiler crashed due to an error in the Scala compiler, retrying with new compiler instance.
2023.11.15 13:12:10 INFO  time: code lens generation in 2.27s
2023.11.15 13:12:10 INFO  time: code lens generation in 1.2s
